<?xml version="1.0" encoding="UTF-8"?>
<!-- Generated by org.testng.reporters.JUnitReportReporter -->
<testsuite hostname="DESKTOP-4SJ1JMG" name="NewProject4Surya.ExampleSurya.GoogleTest" tests="1" failures="0" timestamp="30 Mar 2019 23:46:59 GMT" time="7.657" errors="0">
  <testcase name="executeMyGoogleTest" time="7.657" classname="NewProject4Surya.ExampleSurya.GoogleTest"/>
</testsuite> <!-- NewProject4Surya.ExampleSurya.GoogleTest -->
